<?xml version="1.0" encoding="UTF-8"?>
<!-- Generated by org.testng.reporters.JUnitReportReporter -->
<testsuite hostname="DESKTOP-435OR8M" failures="0" tests="1" name="TestClass.TC_homepagelogin" time="1.324" errors="0" timestamp="2024-01-04T20:11:32 IST" skipped="0">
  <testcase classname="TestClass.TC_homepagelogin" name="homepagelogin" time="1.324"/>
</testsuite> <!-- TestClass.TC_homepagelogin -->
